[REGISTRATION] 2026-04-08T10:18:01.120Z
PrismaClientKnownRequestError: 
Invalid `this.prisma.otpVerification.updateMany()` invocation in
C:\Users\surya\OneDrive\Desktop\task\HRrefferal\apps\api\src\auth\auth.service.ts:187:39

  184 const expiresAt = new Date(Date.now() + 15 * 60 * 1000); // 15 minutes
  185 
  186 // Mark old OTPs as used — updateMany works without replica set
→ 187 await this.prisma.otpVerification.updateMany(
Prisma needs to perform transactions, which requires your MongoDB server to be run as a replica set. https://pris.ly/d/mongodb-replica-set
    at $n.handleRequestError (C:\Users\surya\OneDrive\Desktop\task\HRrefferal\packages\db\client\runtime\library.js:121:7315)
    at $n.handleAndLogRequestError (C:\Users\surya\OneDrive\Desktop\task\HRrefferal\packages\db\client\runtime\library.js:121:6623)
    at $n.request (C:\Users\surya\OneDrive\Desktop\task\HRrefferal\packages\db\client\runtime\library.js:121:6307)
    at async l (C:\Users\surya\OneDrive\Desktop\task\HRrefferal\packages\db\client\runtime\library.js:130:9633)
    at async AuthService.sendOtp (C:\Users\surya\OneDrive\Desktop\task\HRrefferal\apps\api\src\auth\auth.service.ts:187:5)
    at async AuthService.registerUser (C:\Users\surya\OneDrive\Desktop\task\HRrefferal\apps\api\src\auth\auth.service.ts:135:27)
    at async C:\Users\surya\OneDrive\Desktop\task\HRrefferal\node_modules\.pnpm\@nestjs+core@10.4.22_@nestjs+common@10.4.22_class-transformer@0.5.1_class-validator@0.14.4_re_cnkqrjcvdre45k52htw3s7yvme\node_modules\@nestjs\core\router\router-execution-context.js:46:28
    at async C:\Users\surya\OneDrive\Desktop\task\HRrefferal\node_modules\.pnpm\@nestjs+core@10.4.22_@nestjs+common@10.4.22_class-transformer@0.5.1_class-validator@0.14.4_re_cnkqrjcvdre45k52htw3s7yvme\node_modules\@nestjs\core\router\router-proxy.js:9:17

[REGISTRATION] 2026-04-08T10:18:17.245Z
PrismaClientKnownRequestError: 
Invalid `this.prisma.user.updateMany()` invocation in
C:\Users\surya\OneDrive\Desktop\task\HRrefferal\apps\api\src\auth\auth.service.ts:101:36

   98 
   99 if (existing) {
  100     // Update existing unverified user — updateMany works without replica set
→ 101     await this.prisma.user.updateMany(
Prisma needs to perform transactions, which requires your MongoDB server to be run as a replica set. https://pris.ly/d/mongodb-replica-set
    at $n.handleRequestError (C:\Users\surya\OneDrive\Desktop\task\HRrefferal\packages\db\client\runtime\library.js:121:7315)
    at $n.handleAndLogRequestError (C:\Users\surya\OneDrive\Desktop\task\HRrefferal\packages\db\client\runtime\library.js:121:6623)
    at $n.request (C:\Users\surya\OneDrive\Desktop\task\HRrefferal\packages\db\client\runtime\library.js:121:6307)
    at async l (C:\Users\surya\OneDrive\Desktop\task\HRrefferal\packages\db\client\runtime\library.js:130:9633)
    at async AuthService.registerUser (C:\Users\surya\OneDrive\Desktop\task\HRrefferal\apps\api\src\auth\auth.service.ts:101:13)
    at async C:\Users\surya\OneDrive\Desktop\task\HRrefferal\node_modules\.pnpm\@nestjs+core@10.4.22_@nestjs+common@10.4.22_class-transformer@0.5.1_class-validator@0.14.4_re_cnkqrjcvdre45k52htw3s7yvme\node_modules\@nestjs\core\router\router-execution-context.js:46:28
    at async C:\Users\surya\OneDrive\Desktop\task\HRrefferal\node_modules\.pnpm\@nestjs+core@10.4.22_@nestjs+common@10.4.22_class-transformer@0.5.1_class-validator@0.14.4_re_cnkqrjcvdre45k52htw3s7yvme\node_modules\@nestjs\core\router\router-proxy.js:9:17

[REGISTRATION] 2026-04-08T10:18:30.990Z
PrismaClientKnownRequestError: 
Invalid `this.prisma.user.updateMany()` invocation in
C:\Users\surya\OneDrive\Desktop\task\HRrefferal\apps\api\src\auth\auth.service.ts:101:36

   98 
   99 if (existing) {
  100     // Update existing unverified user — updateMany works without replica set
→ 101     await this.prisma.user.updateMany(
Prisma needs to perform transactions, which requires your MongoDB server to be run as a replica set. https://pris.ly/d/mongodb-replica-set
    at $n.handleRequestError (C:\Users\surya\OneDrive\Desktop\task\HRrefferal\packages\db\client\runtime\library.js:121:7315)
    at $n.handleAndLogRequestError (C:\Users\surya\OneDrive\Desktop\task\HRrefferal\packages\db\client\runtime\library.js:121:6623)
    at $n.request (C:\Users\surya\OneDrive\Desktop\task\HRrefferal\packages\db\client\runtime\library.js:121:6307)
    at async l (C:\Users\surya\OneDrive\Desktop\task\HRrefferal\packages\db\client\runtime\library.js:130:9633)
    at async AuthService.registerUser (C:\Users\surya\OneDrive\Desktop\task\HRrefferal\apps\api\src\auth\auth.service.ts:101:13)
    at async C:\Users\surya\OneDrive\Desktop\task\HRrefferal\node_modules\.pnpm\@nestjs+core@10.4.22_@nestjs+common@10.4.22_class-transformer@0.5.1_class-validator@0.14.4_re_cnkqrjcvdre45k52htw3s7yvme\node_modules\@nestjs\core\router\router-execution-context.js:46:28
    at async C:\Users\surya\OneDrive\Desktop\task\HRrefferal\node_modules\.pnpm\@nestjs+core@10.4.22_@nestjs+common@10.4.22_class-transformer@0.5.1_class-validator@0.14.4_re_cnkqrjcvdre45k52htw3s7yvme\node_modules\@nestjs\core\router\router-proxy.js:9:17

